0 verbose cli [ '/usr/local/bin/node', '/usr/local/bin/npm', 'install' ]
1 info using npm@7.0.14
2 info using node@v15.3.0
3 timing config:load:defaults Completed in 2ms
4 timing config:load:file:/usr/local/lib/node_modules/npm/npmrc Completed in 2ms
5 timing config:load:builtin Completed in 2ms
6 timing config:load:cli Completed in 2ms
7 timing config:load:env Completed in 0ms
8 timing config:load:file:/site/.npmrc Completed in 0ms
9 timing config:load:project Completed in 2ms
10 timing config:load:file:/root/.npmrc Completed in 0ms
11 timing config:load:user Completed in 0ms
12 timing config:load:file:/usr/local/etc/npmrc Completed in 1ms
13 timing config:load:global Completed in 1ms
14 timing config:load:cafile Completed in 0ms
15 timing config:load:validate Completed in 0ms
16 timing config:load:setUserAgent Completed in 1ms
17 timing config:load:setEnvs Completed in 1ms
18 timing config:load Completed in 11ms
19 verbose npm-session a731763a1cafaaa3
20 timing npm:load Completed in 26ms
21 timing arborist:ctor Completed in 1ms
22 timing idealTree:init Completed in 107ms
23 timing idealTree:userRequests Completed in 1ms
24 silly idealTree buildDeps
25 silly fetch manifest 0@express
26 http fetch GET 304 https://registry.npmjs.org/0 385ms (from cache)
27 silly fetch manifest 1@hbs
28 http fetch GET 304 https://registry.npmjs.org/1 43ms (from cache)
29 silly fetch manifest 2@https
30 http fetch GET 304 https://registry.npmjs.org/2 35ms (from cache)
31 silly fetch manifest 3@path
32 http fetch GET 304 https://registry.npmjs.org/3 48ms (from cache)
33 silly placeDep ROOT 0@ OK for:  want: express
34 silly placeDep ROOT 1@ OK for:  want: hbs
35 silly placeDep ROOT 2@ OK for:  want: https
36 silly placeDep ROOT 3@ OK for:  want: path
37 timing idealTree:#root Completed in 571ms
38 timing idealTree:node_modules/0 Completed in 1ms
39 timing idealTree:node_modules/1 Completed in 0ms
40 timing idealTree:node_modules/2 Completed in 0ms
41 timing idealTree:node_modules/3 Completed in 0ms
42 timing idealTree:buildDeps Completed in 572ms
43 timing idealTree:fixDepFlags Completed in 6ms
44 timing idealTree Completed in 688ms
45 timing command:install Completed in 691ms
46 verbose type tag
47 verbose stack 0: No matching version found for 0@express.
47 verbose stack     at module.exports (/usr/local/lib/node_modules/npm/node_modules/npm-pick-manifest/index.js:207:23)
47 verbose stack     at /usr/local/lib/node_modules/npm/node_modules/pacote/lib/registry.js:96:26
47 verbose stack     at async Arborist.[buildDepStep] (/usr/local/lib/node_modules/npm/node_modules/@npmcli/arborist/lib/arborist/build-ideal-tree.js:781:11)
47 verbose stack     at async Arborist.buildIdealTree (/usr/local/lib/node_modules/npm/node_modules/@npmcli/arborist/lib/arborist/build-ideal-tree.js:209:7)
47 verbose stack     at async Promise.all (index 1)
47 verbose stack     at async Arborist.reify (/usr/local/lib/node_modules/npm/node_modules/@npmcli/arborist/lib/arborist/reify.js:122:5)
47 verbose stack     at async install (/usr/local/lib/node_modules/npm/lib/install.js:39:3)
48 verbose cwd /site
49 verbose Linux 5.4.0-48-generic
50 verbose argv "/usr/local/bin/node" "/usr/local/bin/npm" "install"
51 verbose node v15.3.0
52 verbose npm  v7.0.14
53 error code ETARGET
54 error notarget No matching version found for 0@express.
55 error notarget In most cases you or one of your dependencies are requesting
55 error notarget a package version that doesn't exist.
56 verbose exit 1
